\BOOKMARK [-1][]{ctitle.-1}{}{}% 1
\BOOKMARK [0][]{mulu.0}{\376\377\166\356\000\040\000\040\137\125}{ctitle.-1}% 2
\BOOKMARK [0][]{section*.4}{\376\377\144\130\211\201}{ctitle.-1}% 3
\BOOKMARK [0][]{section*.6}{\376\377\000A\000B\000S\000T\000R\000A\000C\000T}{ctitle.-1}% 4
\BOOKMARK [0][]{section*.7}{\376\377\173\054\0001\172\340\000\040\000\040\137\025\212\000}{ctitle.-1}% 5
\BOOKMARK [1][]{section*.8}{\376\377\0001\000.\0001\000\040\170\024\172\166\200\314\146\157\124\214\141\017\116\111}{section*.7}% 6
\BOOKMARK [1][]{section*.11}{\376\377\0001\000.\0002\000\040\126\375\121\205\131\026\000A\000G\000V\147\072\126\150\116\272\170\024\172\166\176\374\217\360}{section*.7}% 7
\BOOKMARK [2][]{section*.12}{\376\377\0001\000.\0002\000.\0001\000\040\000A\000G\000V\134\017\217\146\126\375\121\205\170\024\172\166\163\260\162\266}{section*.11}% 8
\BOOKMARK [2][]{section*.13}{\376\377\0001\000.\0002\000.\0002\000\040\000A\000G\000V\134\017\217\146\126\375\131\026\170\024\172\166\163\260\162\266}{section*.11}% 9
\BOOKMARK [1][]{section*.14}{\376\377\0001\000.\0003\000\040\126\375\121\205\131\026\000A\000G\000V\147\072\126\150\116\272\215\357\137\204\211\304\122\022\173\227\154\325\170\024\172\166\163\260\162\266}{section*.7}% 10
\BOOKMARK [1][]{section*.15}{\376\377\0001\000.\0004\000\040\170\024\172\166\145\271\154\325\116\016\142\113\153\265}{section*.7}% 11
\BOOKMARK [2][]{section*.16}{\376\377\0001\000.\0004\000.\0001\000\040\170\024\172\166\121\205\133\271}{section*.15}% 12
\BOOKMARK [2][]{section*.18}{\376\377\0001\000.\0004\000.\0002\000\040\170\024\172\166\145\271\154\325}{section*.15}% 13
\BOOKMARK [1][]{section*.19}{\376\377\0001\000.\0005\000\040\213\272\145\207\116\073\211\201\170\024\172\166\121\205\133\271}{section*.7}% 14
\BOOKMARK [0][]{section*.20}{\376\377\173\054\0002\172\340\000\040\000\040\000A\000G\000V\140\073\117\123\213\276\213\241\145\271\150\110}{ctitle.-1}% 15
\BOOKMARK [1][]{section*.21}{\376\377\0002\000.\0001\000\040\213\276\213\241\227\000\154\102\124\214\142\200\147\057\143\007\150\007}{section*.20}% 16
\BOOKMARK [1][]{section*.22}{\376\377\0002\000.\0002\000\040\140\073\117\123\176\323\147\204\124\214\232\161\122\250\220\011\127\213}{section*.20}% 17
\BOOKMARK [2][]{section*.23}{\376\377\0002\000.\0002\000.\0001\000\040\140\073\117\123\176\323\147\204\213\276\213\241}{section*.22}% 18
\BOOKMARK [2][]{section*.24}{\376\377\0002\000.\0002\000.\0002\000\040\232\161\122\250\220\011\127\213}{section*.22}% 19
\BOOKMARK [1][]{section*.28}{\376\377\0002\000.\0003\000\040\174\373\176\337\140\073\117\123\147\266\147\204}{section*.20}% 20
\BOOKMARK [0][]{section*.29}{\376\377\173\054\0003\172\340\000\040\000\040\000A\000G\000V\147\072\150\260\176\323\147\204\213\276\213\241}{ctitle.-1}% 21
\BOOKMARK [1][]{section*.30}{\376\377\0003\000.\0001\000\040\150\070\137\303\220\350\116\366\176\323\147\204\213\276\213\241}{section*.29}% 22
\BOOKMARK [2][]{section*.31}{\376\377\0003\000.\0001\000.\0001\000\040\171\373\122\250\136\225\166\330}{section*.30}% 23
\BOOKMARK [2][]{section*.33}{\376\377\0003\000.\0001\000.\0002\000\040\232\161\122\250\217\156}{section*.30}% 24
\BOOKMARK [2][]{section*.37}{\376\377\0003\000.\0001\000.\0003\000\040\145\313\217\154\147\072\147\204\220\350\122\006}{section*.30}% 25
\BOOKMARK [2][]{section*.39}{\376\377\0003\000.\0001\000.\0004\000\040\177\151\130\363\213\276\213\241}{section*.30}% 26
\BOOKMARK [1][]{section*.41}{\376\377\0003\000.\0002\000\040\140\073\117\123\176\323\147\204\213\276\213\241}{section*.29}% 27
\BOOKMARK [1][]{section*.42}{\376\377\0003\000.\0003\000\040\176\323\147\204\137\072\136\246\150\041\150\070\124\214\147\011\226\120\121\103\122\006\147\220}{section*.29}% 28
\BOOKMARK [2][]{section*.43}{\376\377\0003\000.\0003\000.\0001\000\040\122\233\133\146\122\006\147\220\220\011\142\351}{section*.42}% 29
\BOOKMARK [2][]{section*.44}{\376\377\0003\000.\0003\000.\0002\000\040\145\057\144\221\147\120\145\231\220\011\142\351}{section*.42}% 30
\BOOKMARK [2][]{section*.46}{\376\377\0003\000.\0003\000.\0003\000\040\147\011\226\120\121\103\122\006\147\220}{section*.42}% 31
\BOOKMARK [0][]{section*.54}{\376\377\173\054\0004\172\340\000\040\000\040\000A\000G\000V\165\065\154\024\174\373\176\337\213\276\213\241}{ctitle.-1}% 32
\BOOKMARK [1][]{section*.55}{\376\377\0004\000.\0001\000\040\165\065\154\024\174\373\176\337\140\073\117\123\147\266\147\204}{section*.54}% 33
\BOOKMARK [2][]{section*.56}{\376\377\0004\000.\0001\000.\0001\000\040\000A\000G\000V\134\017\217\146\116\073\143\247\122\066\126\150\220\011\142\351}{section*.55}% 34
\BOOKMARK [1][]{section*.60}{\376\377\0004\000.\0002\000\040\165\065\147\072\377\014\117\040\141\037\126\150\173\111\220\350\116\366\220\011\127\213}{section*.54}% 35
\BOOKMARK [2][]{section*.61}{\376\377\0004\000.\0002\000.\0001\000\040\165\065\147\072\220\011\127\213}{section*.60}% 36
\BOOKMARK [2][]{section*.64}{\376\377\0004\000.\0002\000.\0002\000\040\121\317\220\037\126\150\220\011\127\213}{section*.60}% 37
\BOOKMARK [2][]{section*.66}{\376\377\0004\000.\0002\000.\0003\000\040\117\040\141\037\126\150\220\011\127\213}{section*.60}% 38
\BOOKMARK [1][]{section*.69}{\376\377\0004\000.\0003\000\040\143\247\122\066\165\065\215\357\213\276\213\241}{section*.54}% 39
\BOOKMARK [2][]{section*.70}{\376\377\0004\000.\0003\000.\0001\000\040\000S\000T\000M\0003\0002\000F\0001\0000\0003\000C\0008\000T\0006\147\000\134\017\174\373\176\337}{section*.69}% 40
\BOOKMARK [2][]{section*.78}{\376\377\0004\000.\0003\000.\0002\000\040\117\040\141\037\126\150\143\245\123\343\165\065\215\357\213\276\213\241}{section*.69}% 41
\BOOKMARK [2][]{section*.81}{\376\377\0004\000.\0003\000.\0003\000\040\165\065\147\072\232\161\122\250}{section*.69}% 42
\BOOKMARK [0][]{section*.82}{\376\377\173\054\0005\172\340\000\040\000\040\000A\000G\000V\217\320\122\250\133\146\136\372\152\041\116\016\116\377\167\037}{ctitle.-1}% 43
\BOOKMARK [1][]{section*.83}{\376\377\0005\000.\0001\000\040\135\356\220\037\232\161\122\250\136\225\166\330\217\320\122\250\133\146\145\271\172\013\143\250\133\374}{section*.82}% 44
\BOOKMARK [1][]{section*.85}{\376\377\0005\000.\0002\000\040\121\170\127\213\217\320\122\250\217\150\217\371\116\377\167\037\116\016\122\006\147\220}{section*.82}% 45
\BOOKMARK [0][]{section*.93}{\376\377\173\054\0006\172\340\000\040\000\040\000A\000G\000V\217\320\122\250\143\247\122\066\173\227\154\325\122\006\147\220}{ctitle.-1}% 46
\BOOKMARK [1][]{section*.94}{\376\377\0006\000.\0001\000\040\000P\000I\000D\143\247\122\066\173\227\154\325\123\237\164\006}{section*.93}% 47
\BOOKMARK [1][]{section*.95}{\376\377\0006\000.\0002\000\040\123\314\217\156\135\356\220\037\000P\000I\000D\143\247\122\066\126\150\213\276\213\241}{section*.93}% 48
\BOOKMARK [1][]{section*.96}{\376\377\0006\000.\0003\000\040\127\372\147\054\217\320\122\250\143\247\122\066\133\236\163\260}{section*.93}% 49
\BOOKMARK [1][]{section*.98}{\376\377\0006\000.\0004\000\040\143\247\122\066\145\110\147\234\116\377\167\037\232\214\213\301}{section*.93}% 50
\BOOKMARK [0][]{section*.101}{\376\377\173\054\0007\172\340\000\040\000\040\176\323\213\272}{ctitle.-1}% 51
\BOOKMARK [1][]{section*.102}{\376\377\0007\000.\0001\000\040\121\150\145\207\135\345\117\134\140\073\176\323}{section*.101}% 52
\BOOKMARK [1][]{section*.103}{\376\377\0007\000.\0002\000\040\116\015\215\263\124\214\145\071\217\333\145\271\124\021}{section*.101}% 53
\BOOKMARK [1][]{section*.104}{\376\377\0007\000.\0003\000\040\136\224\165\050\122\115\146\157\134\125\147\033}{section*.101}% 54
\BOOKMARK [0][]{section*.107}{\376\377\123\302\200\003\145\207\163\056}{ctitle.-1}% 55
\BOOKMARK [0][]{section*.108}{\376\377\201\364\214\042}{ctitle.-1}% 56
\BOOKMARK [0][]{section*.110}{\376\377\226\104\137\125}{ctitle.-1}% 57
